#listar_categorias
4 8
Grand_Slam 2000 1200 720 360 180 90 45 10
Masters_1000 1000 600 360 180 90 45 25 10
ATP_500 500 300 180 90 45 20 0 0
ATP_250 250 150 90 45 20 0 0 0
#iniciar_torneo Barcelona
(((1.Tsitsipas (8.Cilic 9.Monfils)) ((4.Schwartzman 13.Dimitrov) (5.Bautista 12.Ramos))) ((2.Nadal (7.Alcaraz 10.Khachanov)) ((3.Berrettini 14.Delbonis) (6.Carreno 11.Garin))))
#nuevo_jugador Duckworth
51
#nj Bublik
error: ya existe un jugador con ese nombre
#consultar_jugador Nadal
Nadal Rk:5 Ps:0 Ts:0 WM:0 LM:0 WS:0 LS:0 WG:0 LG:0
#cj Popyrin
error: el jugador no existe
#it Cincinnati
(((((1.Djokovic 32.Paire) (16.Isner 17.Evans)) ((8.Hurkacz 25.Korda) (9.Norrie 24.Fognini))) (((4.Rublev 29.Lajovic) (13.Basilashvili 20.De-Minaur)) ((5.Ruud 28.Ivashka) (12.Opelka 21.Tiafoe)))) ((((2.Medvedev 31.Goffin) (15.Karatsev 18.Federer)) ((7.Sinner 26.Nishikori) (10.Shapovalov 23.Fucsovics))) (((3.Zverev 30.Brooksby) (14.Sonego 19.Bublik)) ((6.Auger-Aliassime 27.Krajinovic) (11.Fritz 22.Harris)))))
#nj Popyrin
52
#nuevo_torneo Casablanca 5
error: la categoria no existe
#nt Casablanca 4
6
#nt Estoril 4
error: ya existe un torneo con ese nombre
#baja_jugador Thiem
51
#bj Bonzi
error: el jugador no existe
#baja_torneo Kiev
error: el torneo no existe
#bt Estoril
5
#listar_torneos
5
Barcelona ATP_500
Casablanca ATP_250
Cincinnati Masters_1000
Indian_Wells Masters_1000
Wimbledon Grand_Slam
#listar_ranking
1 Paul 0
2 Garin 0
3 Evans 0
4 Federer 0
5 Bublik 0
6 Ramos 0
7 De-Minaur 0
8 Dimitrov 0
9 Tiafoe 0
10 Harris 0
11 Fucsovics 0
12 Delbonis 0
13 Fognini 0
14 Khachanov 0
15 Korda 0
16 Humbert 0
17 Nishikori 0
18 Davidovich 0
19 Krajinovic 0
20 Ivashka 0
21 Lajovic 0
22 Brooksby 0
23 Goffin 0
24 Paire 0
25 Duckworth 0
26 Popyrin 0
27 Shapovalov 0
28 Medvedev 0
29 Zverev 0
30 Tsitsipas 0
31 Nadal 0
32 Berrettini 0
33 Rublev 0
34 Ruud 0
35 Auger-Aliassime 0
36 Sinner 0
37 Hurkacz 0
38 Norrie 0
39 Schwartzman 0
40 Djokovic 0
41 Bautista 0
42 Fritz 0
43 Carreno 0
44 Opelka 0
45 Basilashvili 0
46 Alcaraz 0
47 Sonego 0
48 Karatsev 0
49 Isner 0
50 Cilic 0
51 Monfils 0
#listar_jugadores
51
Alcaraz Rk:20 Ps:0 Ts:0 WM:0 LM:0 WS:0 LS:0 WG:0 LG:0
Auger-Aliassime Rk:9 Ps:0 Ts:0 WM:0 LM:0 WS:0 LS:0 WG:0 LG:0
Basilashvili Rk:19 Ps:0 Ts:0 WM:0 LM:0 WS:0 LS:0 WG:0 LG:0
Bautista Rk:15 Ps:0 Ts:0 WM:0 LM:0 WS:0 LS:0 WG:0 LG:0
Berrettini Rk:6 Ps:0 Ts:0 WM:0 LM:0 WS:0 LS:0 WG:0 LG:0
Brooksby Rk:47 Ps:0 Ts:0 WM:0 LM:0 WS:0 LS:0 WG:0 LG:0
Bublik Rk:30 Ps:0 Ts:0 WM:0 LM:0 WS:0 LS:0 WG:0 LG:0
Carreno Rk:17 Ps:0 Ts:0 WM:0 LM:0 WS:0 LS:0 WG:0 LG:0
Cilic Rk:24 Ps:0 Ts:0 WM:0 LM:0 WS:0 LS:0 WG:0 LG:0
Davidovich Rk:43 Ps:0 Ts:0 WM:0 LM:0 WS:0 LS:0 WG:0 LG:0
De-Minaur Rk:32 Ps:0 Ts:0 WM:0 LM:0 WS:0 LS:0 WG:0 LG:0
Delbonis Rk:37 Ps:0 Ts:0 WM:0 LM:0 WS:0 LS:0 WG:0 LG:0
Dimitrov Rk:33 Ps:0 Ts:0 WM:0 LM:0 WS:0 LS:0 WG:0 LG:0
Djokovic Rk:1 Ps:0 Ts:0 WM:0 LM:0 WS:0 LS:0 WG:0 LG:0
Duckworth Rk:50 Ps:0 Ts:0 WM:0 LM:0 WS:0 LS:0 WG:0 LG:0
Evans Rk:28 Ps:0 Ts:0 WM:0 LM:0 WS:0 LS:0 WG:0 LG:0
Federer Rk:29 Ps:0 Ts:0 WM:0 LM:0 WS:0 LS:0 WG:0 LG:0
Fognini Rk:38 Ps:0 Ts:0 WM:0 LM:0 WS:0 LS:0 WG:0 LG:0
Fritz Rk:16 Ps:0 Ts:0 WM:0 LM:0 WS:0 LS:0 WG:0 LG:0
Fucsovics Rk:36 Ps:0 Ts:0 WM:0 LM:0 WS:0 LS:0 WG:0 LG:0
Garin Rk:27 Ps:0 Ts:0 WM:0 LM:0 WS:0 LS:0 WG:0 LG:0
Goffin Rk:48 Ps:0 Ts:0 WM:0 LM:0 WS:0 LS:0 WG:0 LG:0
Harris Rk:35 Ps:0 Ts:0 WM:0 LM:0 WS:0 LS:0 WG:0 LG:0
Humbert Rk:41 Ps:0 Ts:0 WM:0 LM:0 WS:0 LS:0 WG:0 LG:0
Hurkacz Rk:11 Ps:0 Ts:0 WM:0 LM:0 WS:0 LS:0 WG:0 LG:0
Isner Rk:23 Ps:0 Ts:0 WM:0 LM:0 WS:0 LS:0 WG:0 LG:0
Ivashka Rk:45 Ps:0 Ts:0 WM:0 LM:0 WS:0 LS:0 WG:0 LG:0
Karatsev Rk:22 Ps:0 Ts:0 WM:0 LM:0 WS:0 LS:0 WG:0 LG:0
Khachanov Rk:26 Ps:0 Ts:0 WM:0 LM:0 WS:0 LS:0 WG:0 LG:0
Korda Rk:40 Ps:0 Ts:0 WM:0 LM:0 WS:0 LS:0 WG:0 LG:0
Krajinovic Rk:44 Ps:0 Ts:0 WM:0 LM:0 WS:0 LS:0 WG:0 LG:0
Lajovic Rk:46 Ps:0 Ts:0 WM:0 LM:0 WS:0 LS:0 WG:0 LG:0
Medvedev Rk:2 Ps:0 Ts:0 WM:0 LM:0 WS:0 LS:0 WG:0 LG:0
Monfils Rk:25 Ps:0 Ts:0 WM:0 LM:0 WS:0 LS:0 WG:0 LG:0
Nadal Rk:5 Ps:0 Ts:0 WM:0 LM:0 WS:0 LS:0 WG:0 LG:0
Nishikori Rk:42 Ps:0 Ts:0 WM:0 LM:0 WS:0 LS:0 WG:0 LG:0
Norrie Rk:12 Ps:0 Ts:0 WM:0 LM:0 WS:0 LS:0 WG:0 LG:0
Opelka Rk:18 Ps:0 Ts:0 WM:0 LM:0 WS:0 LS:0 WG:0 LG:0
Paire Rk:49 Ps:0 Ts:0 WM:0 LM:0 WS:0 LS:0 WG:0 LG:0
Paul Rk:39 Ps:0 Ts:0 WM:0 LM:0 WS:0 LS:0 WG:0 LG:0
Popyrin Rk:51 Ps:0 Ts:0 WM:0 LM:0 WS:0 LS:0 WG:0 LG:0
Ramos Rk:31 Ps:0 Ts:0 WM:0 LM:0 WS:0 LS:0 WG:0 LG:0
Rublev Rk:7 Ps:0 Ts:0 WM:0 LM:0 WS:0 LS:0 WG:0 LG:0
Ruud Rk:8 Ps:0 Ts:0 WM:0 LM:0 WS:0 LS:0 WG:0 LG:0
Schwartzman Rk:13 Ps:0 Ts:0 WM:0 LM:0 WS:0 LS:0 WG:0 LG:0
Shapovalov Rk:14 Ps:0 Ts:0 WM:0 LM:0 WS:0 LS:0 WG:0 LG:0
Sinner Rk:10 Ps:0 Ts:0 WM:0 LM:0 WS:0 LS:0 WG:0 LG:0
Sonego Rk:21 Ps:0 Ts:0 WM:0 LM:0 WS:0 LS:0 WG:0 LG:0
Tiafoe Rk:34 Ps:0 Ts:0 WM:0 LM:0 WS:0 LS:0 WG:0 LG:0
Tsitsipas Rk:4 Ps:0 Ts:0 WM:0 LM:0 WS:0 LS:0 WG:0 LG:0
Zverev Rk:3 Ps:0 Ts:0 WM:0 LM:0 WS:0 LS:0 WG:0 LG:0
0.001225
