#listar_categorias
4 8
Grand_Slam 2000 1200 720 360 180 90 45 10
Masters_1000 1000 600 360 180 90 45 25 10
ATP_500 500 300 180 90 45 20 0 0
ATP_250 250 150 90 45 20 0 0 0
#iniciar_torneo Barcelona
(((1.Tsitsipas (8.Cilic 9.Monfils)) ((4.Schwartzman 13.Dimitrov) (5.Bautista 12.Ramos))) ((2.Nadal (7.Alcaraz 10.Khachanov)) ((3.Berrettini 14.Delbonis) (6.Carreno 11.Garin))))
#nuevo_jugador Duckworth
51
#nj Bublik
error: ya existe un jugador con ese nombre
#consultar_jugador Nadal
Nadal Rk:5 Ps:0 Ts:0 WM:0 LM:0 WS:0 LS:0 WG:0 LG:0
#cj Popyrin
error: el jugador no existe
#it Cincinnati
(((((1.Djokovic 32.Paire) (16.Isner 17.Evans)) ((8.Hurkacz 25.Korda) (9.Norrie 24.Fognini))) (((4.Rublev 29.Lajovic) (13.Basilashvili 20.De-Minaur)) ((5.Ruud 28.Ivashka) (12.Opelka 21.Tiafoe)))) ((((2.Medvedev 31.Goffin) (15.Karatsev 18.Federer)) ((7.Sinner 26.Nishikori) (10.Shapovalov 23.Fucsovics))) (((3.Zverev 30.Brooksby) (14.Sonego 19.Bublik)) ((6.Auger-Aliassime 27.Krajinovic) (11.Fritz 22.Harris)))))
#finalizar_torneo Barcelona
(1.Tsitsipas vs 3.Berrettini 7-6,3-6,6-4(1.Tsitsipas vs 5.Bautista 6-2,6-4(1.Tsitsipas vs 9.Monfils 6-4,6-4(8.Cilic vs 9.Monfils 6-4,4-6,4-6))(4.Schwartzman vs 5.Bautista 1-6,6-2,3-6(4.Schwartzman vs 13.Dimitrov 6-1,6-3)(5.Bautista vs 12.Ramos 7-5,7-6)))(7.Alcaraz vs 3.Berrettini 7-6,4-6,6-7(2.Nadal vs 7.Alcaraz 5-7,5-7(7.Alcaraz vs 10.Khachanov 6-3,6-7,7-5))(3.Berrettini vs 6.Carreno 5-7,6-3,6-0(3.Berrettini vs 14.Delbonis 6-4,7-6)(6.Carreno vs 11.Garin 1-0))))
1.Tsitsipas 500
2.Nadal 90
3.Berrettini 300
4.Schwartzman 90
5.Bautista 180
6.Carreno 90
7.Alcaraz 180
8.Cilic 45
9.Monfils 90
10.Khachanov 45
11.Garin 45
12.Ramos 45
13.Dimitrov 45
14.Delbonis 45
#cj Nadal
Nadal Rk:5 Ps:90 Ts:1 WM:0 LM:1 WS:0 LS:2 WG:10 LG:14
#ft Cincinnati
(1.Djokovic vs 2.Medvedev 4-6,6-3,4-6(1.Djokovic vs 4.Rublev 6-3,7-6(1.Djokovic vs 9.Norrie 6-2,6-4(1.Djokovic vs 17.Evans 6-3,6-1(1.Djokovic vs 32.Paire 6-0,6-1)(16.Isner vs 17.Evans 5-7,3-6))(8.Hurkacz vs 9.Norrie 6-3,6-7,6-7(8.Hurkacz vs 25.Korda 6-4,6-4)(9.Norrie vs 24.Fognini 6-7,6-2,6-2)))(4.Rublev vs 5.Ruud 3-6,6-4,7-5(4.Rublev vs 20.De-Minaur 7-5,7-5(4.Rublev vs 29.Lajovic 6-1,6-2)(13.Basilashvili vs 20.De-Minaur 5-7,3-6))(28.Ivashka vs 21.Tiafoe 7-5,3-6,6-3(5.Ruud vs 28.Ivashka 4-6,5-7)(12.Opelka vs 21.Tiafoe 5-7,3-6))))(2.Medvedev vs 3.Zverev 7-6,7-6(2.Medvedev vs 10.Shapovalov 6-3,3-6,6-3(2.Medvedev vs 18.Federer 1-0(2.Medvedev vs 31.Goffin 6-2,6-4)(15.Karatsev vs 18.Federer 0-1))(7.Sinner vs 23.Fucsovics 6-7,6-4,5-7(7.Sinner vs 26.Nishikori 6-1,6-1)(10.Shapovalov vs 23.Fucsovics 5-7,3-6)))(3.Zverev vs 6.Auger-Aliassime 5-7,6-3,6-0(3.Zverev vs 19.Bublik 6-4,7-6(3.Zverev vs 30.Brooksby 6-0,6-1)(14.Sonego vs 19.Bublik 6-4,5-7,3-6))(27.Krajinovic vs 11.Fritz 6-3,6-4(6.Auger-Aliassime vs 27.Krajinovic 0-1)(11.Fritz vs 22.Harris 6-4,6-1)))))
1.Djokovic 600
2.Medvedev 1000
3.Zverev 360
4.Rublev 360
5.Ruud 180
6.Auger-Aliassime 180
7.Sinner 90
8.Hurkacz 90
9.Norrie 180
10.Shapovalov 180
11.Fritz 90
12.Opelka 45
13.Basilashvili 45
14.Sonego 45
15.Karatsev 45
16.Isner 45
17.Evans 90
18.Federer 90
19.Bublik 90
20.De-Minaur 90
21.Tiafoe 90
22.Harris 45
23.Fucsovics 0
24.Fognini 45
25.Korda 45
26.Nishikori 45
27.Krajinovic 0
28.Ivashka 0
29.Lajovic 45
30.Brooksby 45
31.Goffin 45
32.Paire 45
#cj Djokovic
Djokovic Rk:2 Ps:600 Ts:1 WM:4 LM:1 WS:9 LS:2 WG:63 LG:35
#nj Popyrin
52
#nuevo_torneo Casablanca 5
error: la categoria no existe
#nt Casablanca 4
6
#nt Estoril 4
error: ya existe un torneo con ese nombre
#baja_jugador Thiem
51
#bj Bonzi
error: el jugador no existe
#baja_torneo Kiev
error: el torneo no existe
#bt Estoril
5
#listar_torneos
5
Barcelona ATP_500
Casablanca ATP_250
Cincinnati Masters_1000
Indian_Wells Masters_1000
Wimbledon Grand_Slam
#listar_ranking
1 Medvedev 1000
2 Djokovic 600
3 Tsitsipas 500
4 Zverev 360
5 Rublev 360
6 Berrettini 300
7 Shapovalov 180
8 Alcaraz 180
9 Bautista 180
10 Auger-Aliassime 180
11 Ruud 180
12 Norrie 180
13 Federer 90
14 Schwartzman 90
15 Tiafoe 90
16 Carreno 90
17 Monfils 90
18 Nadal 90
19 Fritz 90
20 Evans 90
21 De-Minaur 90
22 Sinner 90
23 Hurkacz 90
24 Bublik 90
25 Brooksby 45
26 Paire 45
27 Goffin 45
28 Lajovic 45
29 Fognini 45
30 Korda 45
31 Nishikori 45
32 Harris 45
33 Isner 45
34 Karatsev 45
35 Basilashvili 45
36 Delbonis 45
37 Cilic 45
38 Khachanov 45
39 Garin 45
40 Ramos 45
41 Dimitrov 45
42 Opelka 45
43 Sonego 45
44 Fucsovics 0
45 Duckworth 0
46 Krajinovic 0
47 Humbert 0
48 Ivashka 0
49 Paul 0
50 Davidovich 0
51 Popyrin 0
#listar_jugadores
51
Alcaraz Rk:8 Ps:180 Ts:1 WM:2 LM:1 WS:5 LS:3 WG:50 LG:44
Auger-Aliassime Rk:10 Ps:180 Ts:1 WM:0 LM:2 WS:1 LS:2 WG:10 LG:17
Basilashvili Rk:35 Ps:45 Ts:1 WM:0 LM:1 WS:0 LS:2 WG:8 LG:13
Bautista Rk:9 Ps:180 Ts:1 WM:2 LM:1 WS:4 LS:3 WG:34 LG:33
Berrettini Rk:6 Ps:300 Ts:1 WM:3 LM:1 WS:7 LS:4 WG:65 LG:53
Brooksby Rk:25 Ps:45 Ts:1 WM:0 LM:1 WS:0 LS:2 WG:1 LG:12
Bublik Rk:24 Ps:90 Ts:1 WM:1 LM:1 WS:2 LS:3 WG:27 LG:27
Carreno Rk:16 Ps:90 Ts:1 WM:1 LM:1 WS:1 LS:2 WG:10 LG:17
Cilic Rk:37 Ps:45 Ts:1 WM:0 LM:1 WS:1 LS:2 WG:14 LG:16
Davidovich Rk:50 Ps:0 Ts:0 WM:0 LM:0 WS:0 LS:0 WG:0 LG:0
De-Minaur Rk:21 Ps:90 Ts:1 WM:1 LM:1 WS:2 LS:2 WG:23 LG:22
Delbonis Rk:36 Ps:45 Ts:1 WM:0 LM:1 WS:0 LS:2 WG:10 LG:13
Dimitrov Rk:41 Ps:45 Ts:1 WM:0 LM:1 WS:0 LS:2 WG:4 LG:12
Djokovic Rk:2 Ps:600 Ts:1 WM:4 LM:1 WS:9 LS:2 WG:63 LG:35
Duckworth Rk:45 Ps:0 Ts:0 WM:0 LM:0 WS:0 LS:0 WG:0 LG:0
Evans Rk:20 Ps:90 Ts:1 WM:1 LM:1 WS:2 LS:2 WG:17 LG:20
Federer Rk:13 Ps:90 Ts:1 WM:1 LM:1 WS:0 LS:0 WG:0 LG:0
Fognini Rk:29 Ps:45 Ts:1 WM:0 LM:1 WS:1 LS:2 WG:11 LG:18
Fritz Rk:19 Ps:90 Ts:1 WM:1 LM:1 WS:2 LS:2 WG:19 LG:17
Fucsovics Rk:44 Ps:0 Ts:1 WM:2 LM:0 WS:4 LS:1 WG:31 LG:25
Garin Rk:39 Ps:45 Ts:1 WM:0 LM:1 WS:0 LS:0 WG:0 LG:0
Goffin Rk:27 Ps:45 Ts:1 WM:0 LM:1 WS:0 LS:2 WG:6 LG:12
Harris Rk:32 Ps:45 Ts:1 WM:0 LM:1 WS:0 LS:2 WG:5 LG:12
Humbert Rk:47 Ps:0 Ts:0 WM:0 LM:0 WS:0 LS:0 WG:0 LG:0
Hurkacz Rk:23 Ps:90 Ts:1 WM:1 LM:1 WS:3 LS:2 WG:30 LG:25
Isner Rk:33 Ps:45 Ts:1 WM:0 LM:1 WS:0 LS:2 WG:8 LG:13
Ivashka Rk:48 Ps:0 Ts:1 WM:2 LM:0 WS:4 LS:1 WG:29 LG:23
Karatsev Rk:34 Ps:45 Ts:1 WM:0 LM:1 WS:0 LS:0 WG:0 LG:0
Khachanov Rk:38 Ps:45 Ts:1 WM:0 LM:1 WS:1 LS:2 WG:15 LG:19
Korda Rk:30 Ps:45 Ts:1 WM:0 LM:1 WS:0 LS:2 WG:8 LG:12
Krajinovic Rk:46 Ps:0 Ts:1 WM:2 LM:0 WS:2 LS:0 WG:12 LG:7
Lajovic Rk:28 Ps:45 Ts:1 WM:0 LM:1 WS:0 LS:2 WG:3 LG:12
Medvedev Rk:1 Ps:1000 Ts:1 WM:5 LM:0 WS:8 LS:2 WG:56 LG:44
Monfils Rk:17 Ps:90 Ts:1 WM:1 LM:1 WS:2 LS:3 WG:24 LG:26
Nadal Rk:18 Ps:90 Ts:1 WM:0 LM:1 WS:0 LS:2 WG:10 LG:14
Nishikori Rk:31 Ps:45 Ts:1 WM:0 LM:1 WS:0 LS:2 WG:2 LG:12
Norrie Rk:12 Ps:180 Ts:1 WM:2 LM:1 WS:4 LS:4 WG:41 LG:41
Opelka Rk:42 Ps:45 Ts:1 WM:0 LM:1 WS:0 LS:2 WG:8 LG:13
Paire Rk:26 Ps:45 Ts:1 WM:0 LM:1 WS:0 LS:2 WG:1 LG:12
Paul Rk:49 Ps:0 Ts:0 WM:0 LM:0 WS:0 LS:0 WG:0 LG:0
Popyrin Rk:51 Ps:0 Ts:0 WM:0 LM:0 WS:0 LS:0 WG:0 LG:0
Ramos Rk:40 Ps:45 Ts:1 WM:0 LM:1 WS:0 LS:2 WG:11 LG:14
Rublev Rk:5 Ps:360 Ts:1 WM:3 LM:1 WS:6 LS:3 WG:51 LG:41
Ruud Rk:11 Ps:180 Ts:1 WM:0 LM:2 WS:1 LS:4 WG:24 LG:29
Schwartzman Rk:14 Ps:90 Ts:1 WM:1 LM:1 WS:3 LS:2 WG:22 LG:18
Shapovalov Rk:7 Ps:180 Ts:1 WM:0 LM:2 WS:1 LS:4 WG:20 LG:28
Sinner Rk:22 Ps:90 Ts:1 WM:1 LM:1 WS:3 LS:2 WG:29 LG:20
Sonego Rk:43 Ps:45 Ts:1 WM:0 LM:1 WS:1 LS:2 WG:14 LG:17
Tiafoe Rk:15 Ps:90 Ts:1 WM:1 LM:1 WS:3 LS:2 WG:27 LG:24
Tsitsipas Rk:3 Ps:500 Ts:1 WM:3 LM:0 WS:6 LS:1 WG:40 LG:30
Zverev Rk:4 Ps:360 Ts:1 WM:3 LM:1 WS:6 LS:3 WG:54 LG:35
#nuevo_jugador Djere
52
#nj Kwon
53
#nj Coria
54
#nj Andujar
55
#nj Gaston
56
#nj Gasquet
57
#nj Murray
58
#nj Nishioka
59
#nj Cuevas
60
#nj Lopez
61
#nj Querrey
62
#nj Vesely
63
#nj Kohlschreiber
64
#nj Kyrgios
65
#nj Chardy
66
#nj Verdasco
67
#nj Pospisil
68
#nj Raonic
69
#nj Wawrinka
70
#iniciar_torneo Casablanca
(((1.Tiafoe (8.Paul 9.Coria)) ((4.Ramos 13.Verdasco) (5.Duckworth 12.Lopez))) ((2.Lajovic (7.Ivashka 10.Andujar)) (3.Korda (6.Krajinovic 11.Gasquet))))
#it Indian_Wells
((((1.Medvedev (16.Monfils 17.Nadal)) ((8.Alcaraz 25.Delbonis) (9.Bautista 24.Karatsev))) ((4.Zverev (13.Federer 20.Brooksby)) ((5.Rublev 28.Cuevas) (12.Norrie 21.Fognini)))) (((2.Djokovic (15.Carreno 18.Fritz)) ((7.Shapovalov 26.Opelka) (10.Auger-Aliassime 23.Isner))) ((3.Tsitsipas (14.Schwartzman 19.Sinner)) ((6.Berrettini 27.Murray) (11.Ruud 22.Nishikori)))))
#finalizar_torneo Casablanca
(1.Tiafoe vs 2.Lajovic 6-3,7-6(1.Tiafoe vs 4.Ramos 4-6,6-3,6-2(1.Tiafoe vs 8.Paul 6-1,6-4(8.Paul vs 9.Coria 6-4,4-6,6-4))(13.Verdasco vs 12.Lopez 6-1,5-7,6-3(4.Ramos vs 13.Verdasco 4-6,4-6)(5.Duckworth vs 12.Lopez 7-5,6-7,0-6)))(2.Lajovic vs 3.Korda 6-3,6-2(2.Lajovic vs 10.Andujar 7-5,5-7,7-6(7.Ivashka vs 10.Andujar 6-3,4-6,4-6))(3.Korda vs 11.Gasquet 6-1,6-1(6.Krajinovic vs 11.Gasquet 4-6,3-6))))
1.Tiafoe 250
2.Lajovic 150
3.Korda 90
4.Ramos 90
5.Duckworth 20
6.Krajinovic 20
7.Ivashka 20
8.Paul 45
9.Coria 20
10.Andujar 45
11.Gasquet 45
12.Lopez 45
13.Verdasco 0
#ft Indian_Wells
(4.Zverev vs 2.Djokovic 3-6,6-4,7-6(1.Medvedev vs 4.Zverev 7-5,3-6,3-6(1.Medvedev vs 8.Alcaraz 6-4,6-4(1.Medvedev vs 16.Monfils 6-1,6-0(16.Monfils vs 17.Nadal 5-7,6-4,6-1))(25.Delbonis vs 24.Karatsev 6-3,6-3(8.Alcaraz vs 25.Delbonis 1-6,6-4,2-6)(9.Bautista vs 24.Karatsev 6-7,4-6)))(13.Federer vs 5.Rublev 6-2,6-3(4.Zverev vs 13.Federer 3-6,6-2,5-7(13.Federer vs 20.Brooksby 6-1,6-1))(28.Cuevas vs 12.Norrie 7-5,6-3(5.Rublev vs 28.Cuevas 4-6,6-7)(12.Norrie vs 21.Fognini 1-0))))(2.Djokovic vs 3.Tsitsipas 6-2,7-5(2.Djokovic vs 7.Shapovalov 6-3,6-3(2.Djokovic vs 15.Carreno 6-4,6-1(15.Carreno vs 18.Fritz 6-3,4-6,6-4))(7.Shapovalov vs 23.Isner 7-6,7-6(7.Shapovalov vs 26.Opelka 6-0,6-2)(10.Auger-Aliassime vs 23.Isner 3-6,2-6)))(3.Tsitsipas vs 11.Ruud 4-6,7-5,6-3(3.Tsitsipas vs 14.Schwartzman 6-4,6-4(14.Schwartzman vs 19.Sinner 6-2,7-6))(6.Berrettini vs 22.Nishikori 0-1(6.Berrettini vs 27.Murray 6-1,6-4)(11.Ruud vs 22.Nishikori 5-7,3-6)))))
1.Medvedev 1000
2.Djokovic 600
3.Tsitsipas 360
4.Zverev 90
5.Rublev 180
6.Berrettini 90
7.Shapovalov 180
8.Alcaraz 180
9.Bautista 45
10.Auger-Aliassime 45
11.Ruud 180
12.Norrie 90
13.Federer 0
14.Schwartzman 90
15.Carreno 90
16.Monfils 90
17.Nadal 45
18.Fritz 45
19.Sinner 45
20.Brooksby 45
21.Fognini 45
22.Nishikori 0
23.Isner 90
24.Karatsev 90
25.Delbonis 0
26.Opelka 45
27.Murray 45
28.Cuevas 0
#lr
1 Medvedev 2000
2 Djokovic 1200
3 Tsitsipas 860
4 Rublev 540
5 Zverev 450
6 Berrettini 390
7 Ruud 360
8 Shapovalov 360
9 Alcaraz 360
10 Tiafoe 340
11 Norrie 270
12 Auger-Aliassime 225
13 Bautista 225
14 Lajovic 195
15 Carreno 180
16 Monfils 180
17 Schwartzman 180
18 Karatsev 135
19 Isner 135
20 Nadal 135
21 Sinner 135
22 Fritz 135
23 Ramos 135
24 Korda 135
25 De-Minaur 90
26 Federer 90
27 Hurkacz 90
28 Bublik 90
29 Evans 90
30 Fognini 90
31 Opelka 90
32 Brooksby 90
33 Lopez 45
34 Harris 45
35 Nishikori 45
36 Paire 45
37 Goffin 45
38 Cilic 45
39 Murray 45
40 Delbonis 45
41 Gasquet 45
42 Andujar 45
43 Paul 45
44 Sonego 45
45 Dimitrov 45
46 Garin 45
47 Khachanov 45
48 Basilashvili 45
49 Duckworth 20
50 Ivashka 20
51 Krajinovic 20
52 Coria 20
53 Davidovich 0
54 Popyrin 0
55 Djere 0
56 Kwon 0
57 Humbert 0
58 Gaston 0
59 Nishioka 0
60 Fucsovics 0
61 Querrey 0
62 Vesely 0
63 Kohlschreiber 0
64 Kyrgios 0
65 Chardy 0
66 Verdasco 0
67 Pospisil 0
68 Raonic 0
69 Wawrinka 0
70 Cuevas 0
#baja_jugador Verdasco
69
#it Wimbledon
((((((1.Medvedev (64.Wawrinka 65.Cuevas)) (32.Lopez 33.Harris)) ((16.Monfils 49.Davidovich) (17.Schwartzman 48.Coria))) (((8.Shapovalov 57.Querrey) (25.De-Minaur 40.Paul)) ((9.Alcaraz 56.Fucsovics) (24.Korda 41.Sonego)))) ((((4.Rublev 61.Chardy) (29.Evans 36.Cilic)) ((13.Bautista 52.Kwon) (20.Nadal 45.Duckworth))) (((5.Zverev 60.Kyrgios) (28.Bublik 37.Delbonis)) ((12.Auger-Aliassime 53.Humbert) (21.Sinner 44.Khachanov))))) (((((2.Djokovic 63.Raonic) (31.Brooksby 34.Nishikori)) ((15.Carreno 50.Popyrin) (18.Karatsev 47.Krajinovic))) (((7.Ruud 58.Vesely) (26.Federer 39.Andujar)) ((10.Tiafoe 55.Nishioka) (23.Ramos 42.Dimitrov)))) ((((3.Tsitsipas 62.Pospisil) (30.Fognini 35.Paire)) ((14.Lajovic 51.Djere) (19.Isner 46.Ivashka))) (((6.Berrettini 59.Kohlschreiber) (27.Hurkacz 38.Gasquet)) ((11.Norrie 54.Gaston) (22.Fritz 43.Garin))))))
#ft Wimbledon
(1.Medvedev vs 2.Djokovic 4-6,6-3,4-6(1.Medvedev vs 4.Rublev 6-3,7-6(1.Medvedev vs 9.Alcaraz 6-2,6-4(1.Medvedev vs 17.Schwartzman 6-3,6-1(1.Medvedev vs 33.Harris 6-0,6-1(1.Medvedev vs 65.Cuevas 1-0(64.Wawrinka vs 65.Cuevas 3-6,4-6))(32.Lopez vs 33.Harris 0-1))(16.Monfils vs 48.Coria 5-7,3-6(16.Monfils vs 49.Davidovich 1-0)(17.Schwartzman vs 48.Coria 0-1)))(8.Shapovalov vs 9.Alcaraz 6-3,6-7,6-7(8.Shapovalov vs 40.Paul 6-4,6-4(8.Shapovalov vs 57.Querrey 1-0)(25.De-Minaur vs 40.Paul 0-1))(9.Alcaraz vs 41.Sonego 6-7,6-2,6-2(9.Alcaraz vs 56.Fucsovics 1-0)(24.Korda vs 41.Sonego 0-1))))(4.Rublev vs 5.Zverev 3-6,6-4,7-5(4.Rublev vs 20.Nadal 7-5,7-5(4.Rublev vs 36.Cilic 6-1,6-2(4.Rublev vs 61.Chardy 1-0)(29.Evans vs 36.Cilic 0-1))(13.Bautista vs 45.Duckworth 5-7,3-6(13.Bautista vs 52.Kwon 1-0)(20.Nadal vs 45.Duckworth 0-1)))(28.Bublik vs 21.Sinner 7-5,3-6,6-3(5.Zverev vs 37.Delbonis 4-6,5-7(5.Zverev vs 60.Kyrgios 1-0)(28.Bublik vs 37.Delbonis 0-1))(12.Auger-Aliassime vs 44.Khachanov 5-7,3-6(12.Auger-Aliassime vs 53.Humbert 1-0)(21.Sinner vs 44.Khachanov 0-1)))))(2.Djokovic vs 3.Tsitsipas 7-6,7-6(2.Djokovic vs 10.Tiafoe 6-3,3-6,6-3(2.Djokovic vs 18.Karatsev 1-0(2.Djokovic vs 34.Nishikori 6-2,6-4(2.Djokovic vs 63.Raonic 1-0)(31.Brooksby vs 34.Nishikori 0-1))(15.Carreno vs 47.Krajinovic 0-1(15.Carreno vs 50.Popyrin 1-0)(18.Karatsev vs 47.Krajinovic 0-1)))(7.Ruud vs 23.Ramos 6-7,6-4,5-7(7.Ruud vs 39.Andujar 6-1,6-1(7.Ruud vs 58.Vesely 1-0)(26.Federer vs 39.Andujar 0-1))(10.Tiafoe vs 42.Dimitrov 5-7,3-6(10.Tiafoe vs 55.Nishioka 1-0)(23.Ramos vs 42.Dimitrov 0-1))))(3.Tsitsipas vs 6.Berrettini 5-7,6-3,6-0(3.Tsitsipas vs 19.Isner 6-4,7-6(3.Tsitsipas vs 35.Paire 6-0,6-1(3.Tsitsipas vs 62.Pospisil 1-0)(30.Fognini vs 35.Paire 0-1))(14.Lajovic vs 46.Ivashka 6-4,5-7,3-6(14.Lajovic vs 51.Djere 1-0)(19.Isner vs 46.Ivashka 0-1)))(27.Hurkacz vs 11.Norrie 6-3,6-4(6.Berrettini vs 38.Gasquet 0-1(6.Berrettini vs 59.Kohlschreiber 1-0)(27.Hurkacz vs 38.Gasquet 0-1))(11.Norrie vs 43.Garin 6-4,6-1(11.Norrie vs 54.Gaston 1-0)(22.Fritz vs 43.Garin 0-1))))))
1.Medvedev 1200
2.Djokovic 2000
3.Tsitsipas 720
4.Rublev 720
5.Zverev 360
6.Berrettini 360
7.Ruud 180
8.Shapovalov 180
9.Alcaraz 360
10.Tiafoe 360
11.Norrie 180
12.Auger-Aliassime 90
13.Bautista 90
14.Lajovic 90
15.Carreno 90
16.Monfils 90
17.Schwartzman 180
18.Karatsev 180
19.Isner 180
20.Nadal 180
21.Sinner 180
22.Fritz 45
23.Ramos 45
24.Korda 45
25.De-Minaur 45
26.Federer 45
27.Hurkacz 45
28.Bublik 45
29.Evans 45
30.Fognini 45
31.Brooksby 45
32.Lopez 45
33.Harris 90
34.Nishikori 90
35.Paire 90
36.Cilic 90
37.Delbonis 0
38.Gasquet 0
39.Andujar 90
40.Paul 90
41.Sonego 90
42.Dimitrov 0
43.Garin 90
44.Khachanov 0
45.Duckworth 0
46.Ivashka 0
47.Krajinovic 0
48.Coria 0
49.Davidovich 45
50.Popyrin 45
51.Djere 45
52.Kwon 45
53.Humbert 45
54.Gaston 45
55.Nishioka 45
56.Fucsovics 45
57.Querrey 45
58.Vesely 45
59.Kohlschreiber 45
60.Kyrgios 45
61.Chardy 45
62.Pospisil 45
63.Raonic 45
64.Wawrinka 10
65.Cuevas 45
#listar_ranking
1 Djokovic 3200
2 Medvedev 3200
3 Tsitsipas 1580
4 Rublev 1260
5 Zverev 810
6 Berrettini 750
7 Alcaraz 720
8 Tiafoe 700
9 Ruud 540
10 Shapovalov 540
11 Norrie 450
12 Schwartzman 360
13 Auger-Aliassime 315
14 Karatsev 315
15 Isner 315
16 Nadal 315
17 Sinner 315
18 Bautista 315
19 Lajovic 285
20 Carreno 270
21 Monfils 270
22 Ramos 180
23 Korda 180
24 Fritz 180
25 Garin 135
26 Sonego 135
27 Paul 135
28 Andujar 135
29 Cilic 135
30 Paire 135
31 Nishikori 135
32 Harris 135
33 Brooksby 135
34 De-Minaur 135
35 Federer 135
36 Hurkacz 135
37 Bublik 135
38 Fognini 135
39 Evans 135
40 Lopez 90
41 Opelka 90
42 Cuevas 45
43 Kwon 45
44 Humbert 45
45 Gaston 45
46 Nishioka 45
47 Fucsovics 45
48 Querrey 45
49 Vesely 45
50 Kohlschreiber 45
51 Kyrgios 45
52 Chardy 45
53 Pospisil 45
54 Raonic 45
55 Djere 45
56 Popyrin 45
57 Davidovich 45
58 Basilashvili 45
59 Khachanov 45
60 Dimitrov 45
61 Gasquet 45
62 Delbonis 45
63 Murray 45
64 Goffin 45
65 Coria 20
66 Krajinovic 20
67 Ivashka 20
68 Duckworth 20
69 Wawrinka 10
#listar_jugadores
69
Alcaraz Rk:7 Ps:720 Ts:3 WM:5 LM:4 WS:10 LS:11 WG:108 LG:113
Andujar Rk:28 Ps:135 Ts:2 WM:2 LM:2 WS:3 LS:5 WG:35 LG:45
Auger-Aliassime Rk:13 Ps:315 Ts:3 WM:1 LM:4 WS:1 LS:6 WG:23 LG:42
Basilashvili Rk:58 Ps:45 Ts:1 WM:0 LM:1 WS:0 LS:2 WG:8 LG:13
Bautista Rk:18 Ps:315 Ts:3 WM:3 LM:3 WS:4 LS:7 WG:52 LG:59
Berrettini Rk:6 Ps:750 Ts:3 WM:5 LM:4 WS:10 LS:6 WG:87 LG:75
Brooksby Rk:33 Ps:135 Ts:3 WM:0 LM:3 WS:0 LS:4 WG:3 LG:24
Bublik Rk:37 Ps:135 Ts:2 WM:2 LM:2 WS:4 LS:4 WG:43 LG:41
Carreno Rk:20 Ps:270 Ts:3 WM:3 LM:3 WS:3 LS:5 WG:31 LG:42
Chardy Rk:52 Ps:45 Ts:1 WM:0 LM:1 WS:0 LS:0 WG:0 LG:0
Cilic Rk:29 Ps:135 Ts:2 WM:1 LM:2 WS:1 LS:4 WG:17 LG:28
Coria Rk:65 Ps:20 Ts:2 WM:2 LM:1 WS:3 LS:2 WG:27 LG:24
Cuevas Rk:42 Ps:45 Ts:2 WM:3 LM:1 WS:6 LS:0 WG:38 LG:25
Davidovich Rk:57 Ps:45 Ts:1 WM:0 LM:1 WS:0 LS:0 WG:0 LG:0
De-Minaur Rk:34 Ps:135 Ts:2 WM:1 LM:2 WS:2 LS:2 WG:23 LG:22
Delbonis Rk:62 Ps:45 Ts:3 WM:4 LM:1 WS:6 LS:3 WG:51 LG:37
Dimitrov Rk:60 Ps:45 Ts:2 WM:2 LM:1 WS:2 LS:2 WG:17 LG:20
Djere Rk:55 Ps:45 Ts:1 WM:0 LM:1 WS:0 LS:0 WG:0 LG:0
Djokovic Rk:1 Ps:3200 Ts:3 WM:13 LM:2 WS:24 LS:6 WG:172 LG:113
Duckworth Rk:68 Ps:20 Ts:2 WM:2 LM:1 WS:3 LS:2 WG:26 LG:26
Evans Rk:39 Ps:135 Ts:2 WM:1 LM:2 WS:2 LS:2 WG:17 LG:20
Federer Rk:35 Ps:135 Ts:3 WM:4 LM:2 WS:6 LS:1 WG:39 LG:21
Fognini Rk:38 Ps:135 Ts:3 WM:0 LM:3 WS:1 LS:2 WG:11 LG:18
Fritz Rk:24 Ps:180 Ts:3 WM:1 LM:3 WS:3 LS:4 WG:32 LG:33
Fucsovics Rk:47 Ps:45 Ts:2 WM:2 LM:1 WS:4 LS:1 WG:31 LG:25
Garin Rk:25 Ps:135 Ts:2 WM:1 LM:2 WS:0 LS:2 WG:5 LG:12
Gasquet Rk:61 Ps:45 Ts:2 WM:3 LM:1 WS:2 LS:2 WG:14 LG:19
Gaston Rk:45 Ps:45 Ts:1 WM:0 LM:1 WS:0 LS:0 WG:0 LG:0
Goffin Rk:64 Ps:45 Ts:1 WM:0 LM:1 WS:0 LS:2 WG:6 LG:12
Harris Rk:32 Ps:135 Ts:2 WM:1 LM:2 WS:0 LS:4 WG:6 LG:24
Humbert Rk:44 Ps:45 Ts:1 WM:0 LM:1 WS:0 LS:0 WG:0 LG:0
Hurkacz Rk:36 Ps:135 Ts:2 WM:2 LM:2 WS:5 LS:2 WG:42 LG:32
Isner Rk:15 Ps:315 Ts:3 WM:1 LM:4 WS:2 LS:6 WG:42 LG:45
Ivashka Rk:67 Ps:20 Ts:3 WM:4 LM:1 WS:7 LS:4 WG:60 LG:52
Karatsev Rk:14 Ps:315 Ts:3 WM:1 LM:4 WS:2 LS:2 WG:19 LG:22
Khachanov Rk:59 Ps:45 Ts:2 WM:2 LM:1 WS:3 LS:2 WG:28 LG:27
Kohlschreiber Rk:50 Ps:45 Ts:1 WM:0 LM:1 WS:0 LS:0 WG:0 LG:0
Korda Rk:23 Ps:180 Ts:3 WM:1 LM:3 WS:2 LS:4 WG:25 LG:26
Krajinovic Rk:66 Ps:20 Ts:3 WM:4 LM:1 WS:2 LS:2 WG:19 LG:19
Kwon Rk:43 Ps:45 Ts:1 WM:0 LM:1 WS:0 LS:0 WG:0 LG:0
Kyrgios Rk:51 Ps:45 Ts:1 WM:0 LM:1 WS:0 LS:0 WG:0 LG:0
Lajovic Rk:19 Ps:285 Ts:3 WM:3 LM:3 WS:5 LS:7 WG:57 LG:65
Lopez Rk:40 Ps:90 Ts:2 WM:1 LM:2 WS:3 LS:3 WG:29 LG:30
Medvedev Rk:2 Ps:3200 Ts:3 WM:12 LM:2 WS:22 LS:6 WG:156 LG:105
Monfils Rk:21 Ps:270 Ts:3 WM:3 LM:3 WS:4 LS:8 WG:50 LG:63
Murray Rk:63 Ps:45 Ts:1 WM:0 LM:1 WS:0 LS:2 WG:5 LG:12
Nadal Rk:16 Ps:315 Ts:3 WM:0 LM:4 WS:1 LS:6 WG:32 LG:45
Nishikori Rk:31 Ps:135 Ts:3 WM:3 LM:2 WS:2 LS:4 WG:21 LG:32
Nishioka Rk:46 Ps:45 Ts:1 WM:0 LM:1 WS:0 LS:0 WG:0 LG:0
Norrie Rk:11 Ps:450 Ts:3 WM:5 LM:3 WS:6 LS:8 WG:68 LG:71
Opelka Rk:41 Ps:90 Ts:2 WM:0 LM:2 WS:0 LS:4 WG:10 LG:25
Paire Rk:30 Ps:135 Ts:2 WM:1 LM:2 WS:0 LS:4 WG:2 LG:24
Paul Rk:27 Ps:135 Ts:2 WM:2 LM:2 WS:2 LS:5 WG:29 LG:38
Popyrin Rk:56 Ps:45 Ts:1 WM:0 LM:1 WS:0 LS:0 WG:0 LG:0
Pospisil Rk:53 Ps:45 Ts:1 WM:0 LM:1 WS:0 LS:0 WG:0 LG:0
Querrey Rk:48 Ps:45 Ts:1 WM:0 LM:1 WS:0 LS:0 WG:0 LG:0
Ramos Rk:22 Ps:180 Ts:3 WM:1 LM:4 WS:3 LS:7 WG:48 LG:59
Raonic Rk:54 Ps:45 Ts:1 WM:0 LM:1 WS:0 LS:0 WG:0 LG:0
Rublev Rk:4 Ps:1260 Ts:3 WM:7 LM:4 WS:12 LS:10 WG:117 LG:107
Ruud Rk:9 Ps:540 Ts:3 WM:2 LM:5 WS:5 LS:10 WG:75 LG:79
Schwartzman Rk:12 Ps:360 Ts:3 WM:2 LM:4 WS:5 LS:6 WG:47 LG:50
Shapovalov Rk:10 Ps:540 Ts:3 WM:4 LM:4 WS:8 LS:8 WG:82 LG:79
Sinner Rk:17 Ps:315 Ts:3 WM:1 LM:4 WS:4 LS:6 WG:51 LG:49
Sonego Rk:26 Ps:135 Ts:2 WM:1 LM:2 WS:2 LS:4 WG:25 LG:35
Tiafoe Rk:8 Ps:700 Ts:3 WM:5 LM:3 WS:10 LS:7 WG:88 LG:77
Tsitsipas Rk:3 Ps:1580 Ts:3 WM:9 LM:2 WS:16 LS:7 WG:130 LG:100
Vesely Rk:49 Ps:45 Ts:1 WM:0 LM:1 WS:0 LS:0 WG:0 LG:0
Wawrinka Rk:69 Ps:10 Ts:1 WM:0 LM:1 WS:0 LS:2 WG:7 LG:12
Zverev Rk:5 Ps:810 Ts:3 WM:6 LM:4 WS:12 LS:11 WG:125 LG:108
#baja_jugador Fritz
68
#bj Khachanov
67
#it Barcelona
((((1.Tsitsipas (16.Zverev 17.Berrettini)) (8.Cilic 9.Monfils)) ((4.Schwartzman (13.Dimitrov 20.Shapovalov)) (5.Bautista (12.Ramos 21.Auger-Aliassime)))) (((2.Nadal (15.Rublev 18.Alcaraz)) (7.Alcaraz 10.Khachanov)) ((3.Berrettini (14.Delbonis 19.Tiafoe)) (6.Carreno 11.Garin))))
#bt Cincinnati
